<?xml version="1.0" encoding="UTF-8"?>
<testsuite xmlns:xsi="http://www.w3.org/2001/XMLSchema-instance" xsi:noNamespaceSchemaLocation="https://maven.apache.org/surefire/maven-surefire-plugin/xsd/surefire-test-report.xsd" name="com.teng.provider.DemoApplicationTests" time="8.241" tests="1" errors="0" skipped="0" failures="0">
  <properties>
    <property name="awt.toolkit" value="sun.awt.X11.XToolkit"/>
    <property name="file.encoding.pkg" value="sun.io"/>
    <property name="java.specification.version" value="1.8"/>
    <property name="sun.cpu.isalist" value=""/>
    <property name="sun.jnu.encoding" value="UTF-8"/>
    <property name="java.class.path" value="/root/project/provider/target/test-classes:/root/project/provider/target/classes:/root/testjava/maven_repository/io/micrometer/micrometer-registry-prometheus/1.3.9/micrometer-registry-prometheus-1.3.9.jar:/root/testjava/maven_repository/io/micrometer/micrometer-core/1.3.9/micrometer-core-1.3.9.jar:/root/testjava/maven_repository/org/hdrhistogram/HdrHistogram/2.1.11/HdrHistogram-2.1.11.jar:/root/testjava/maven_repository/org/latencyutils/LatencyUtils/2.0.3/LatencyUtils-2.0.3.jar:/root/testjava/maven_repository/io/prometheus/simpleclient_common/0.7.0/simpleclient_common-0.7.0.jar:/root/testjava/maven_repository/io/prometheus/simpleclient/0.7.0/simpleclient-0.7.0.jar:/root/testjava/maven_repository/org/springframework/boot/spring-boot-starter-actuator/2.2.8.RELEASE/spring-boot-starter-actuator-2.2.8.RELEASE.jar:/root/testjava/maven_repository/org/springframework/boot/spring-boot-starter/2.2.8.RELEASE/spring-boot-starter-2.2.8.RELEASE.jar:/root/testjava/maven_repository/org/springframework/boot/spring-boot-starter-logging/2.2.8.RELEASE/spring-boot-starter-logging-2.2.8.RELEASE.jar:/root/testjava/maven_repository/ch/qos/logback/logback-classic/1.2.3/logback-classic-1.2.3.jar:/root/testjava/maven_repository/ch/qos/logback/logback-core/1.2.3/logback-core-1.2.3.jar:/root/testjava/maven_repository/org/apache/logging/log4j/log4j-to-slf4j/2.12.1/log4j-to-slf4j-2.12.1.jar:/root/testjava/maven_repository/org/apache/logging/log4j/log4j-api/2.12.1/log4j-api-2.12.1.jar:/root/testjava/maven_repository/org/slf4j/jul-to-slf4j/1.7.30/jul-to-slf4j-1.7.30.jar:/root/testjava/maven_repository/jakarta/annotation/jakarta.annotation-api/1.3.5/jakarta.annotation-api-1.3.5.jar:/root/testjava/maven_repository/org/yaml/snakeyaml/1.25/snakeyaml-1.25.jar:/root/testjava/maven_repository/org/springframework/boot/spring-boot-actuator-autoconfigure/2.2.8.RELEASE/spring-boot-actuator-autoconfigure-2.2.8.RELEASE.jar:/root/testjava/maven_repository/org/springframework/boot/spring-boot-actuator/2.2.8.RELEASE/spring-boot-actuator-2.2.8.RELEASE.jar:/root/testjava/maven_repository/com/fasterxml/jackson/core/jackson-databind/2.10.4/jackson-databind-2.10.4.jar:/root/testjava/maven_repository/com/fasterxml/jackson/core/jackson-annotations/2.10.4/jackson-annotations-2.10.4.jar:/root/testjava/maven_repository/com/fasterxml/jackson/core/jackson-core/2.10.4/jackson-core-2.10.4.jar:/root/testjava/maven_repository/org/springframework/spring-context/5.2.7.RELEASE/spring-context-5.2.7.RELEASE.jar:/root/testjava/maven_repository/com/fasterxml/jackson/datatype/jackson-datatype-jsr310/2.10.4/jackson-datatype-jsr310-2.10.4.jar:/root/testjava/maven_repository/org/springframework/boot/spring-boot-starter-thymeleaf/2.2.8.RELEASE/spring-boot-starter-thymeleaf-2.2.8.RELEASE.jar:/root/testjava/maven_repository/org/thymeleaf/thymeleaf-spring5/3.0.11.RELEASE/thymeleaf-spring5-3.0.11.RELEASE.jar:/root/testjava/maven_repository/org/thymeleaf/thymeleaf/3.0.11.RELEASE/thymeleaf-3.0.11.RELEASE.jar:/root/testjava/maven_repository/org/attoparser/attoparser/2.0.5.RELEASE/attoparser-2.0.5.RELEASE.jar:/root/testjava/maven_repository/org/unbescape/unbescape/1.1.6.RELEASE/unbescape-1.1.6.RELEASE.jar:/root/testjava/maven_repository/org/slf4j/slf4j-api/1.7.30/slf4j-api-1.7.30.jar:/root/testjava/maven_repository/org/thymeleaf/extras/thymeleaf-extras-java8time/3.0.4.RELEASE/thymeleaf-extras-java8time-3.0.4.RELEASE.jar:/root/testjava/maven_repository/org/springframework/boot/spring-boot-starter-web/2.2.8.RELEASE/spring-boot-starter-web-2.2.8.RELEASE.jar:/root/testjava/maven_repository/org/springframework/boot/spring-boot-starter-json/2.2.8.RELEASE/spring-boot-starter-json-2.2.8.RELEASE.jar:/root/testjava/maven_repository/com/fasterxml/jackson/datatype/jackson-datatype-jdk8/2.10.4/jackson-datatype-jdk8-2.10.4.jar:/root/testjava/maven_repository/com/fasterxml/jackson/module/jackson-module-parameter-names/2.10.4/jackson-module-parameter-names-2.10.4.jar:/root/testjava/maven_repository/org/springframework/boot/spring-boot-starter-tomcat/2.2.8.RELEASE/spring-boot-starter-tomcat-2.2.8.RELEASE.jar:/root/testjava/maven_repository/org/apache/tomcat/embed/tomcat-embed-core/9.0.36/tomcat-embed-core-9.0.36.jar:/root/testjava/maven_repository/org/apache/tomcat/embed/tomcat-embed-el/9.0.36/tomcat-embed-el-9.0.36.jar:/root/testjava/maven_repository/org/apache/tomcat/embed/tomcat-embed-websocket/9.0.36/tomcat-embed-websocket-9.0.36.jar:/root/testjava/maven_repository/org/springframework/boot/spring-boot-starter-validation/2.2.8.RELEASE/spring-boot-starter-validation-2.2.8.RELEASE.jar:/root/testjava/maven_repository/jakarta/validation/jakarta.validation-api/2.0.2/jakarta.validation-api-2.0.2.jar:/root/testjava/maven_repository/org/hibernate/validator/hibernate-validator/6.0.20.Final/hibernate-validator-6.0.20.Final.jar:/root/testjava/maven_repository/org/jboss/logging/jboss-logging/3.4.1.Final/jboss-logging-3.4.1.Final.jar:/root/testjava/maven_repository/com/fasterxml/classmate/1.5.1/classmate-1.5.1.jar:/root/testjava/maven_repository/org/springframework/spring-web/5.2.7.RELEASE/spring-web-5.2.7.RELEASE.jar:/root/testjava/maven_repository/org/springframework/spring-beans/5.2.7.RELEASE/spring-beans-5.2.7.RELEASE.jar:/root/testjava/maven_repository/org/springframework/spring-webmvc/5.2.7.RELEASE/spring-webmvc-5.2.7.RELEASE.jar:/root/testjava/maven_repository/org/springframework/spring-aop/5.2.7.RELEASE/spring-aop-5.2.7.RELEASE.jar:/root/testjava/maven_repository/org/springframework/spring-expression/5.2.7.RELEASE/spring-expression-5.2.7.RELEASE.jar:/root/testjava/maven_repository/org/springframework/boot/spring-boot-devtools/2.2.8.RELEASE/spring-boot-devtools-2.2.8.RELEASE.jar:/root/testjava/maven_repository/org/springframework/boot/spring-boot/2.2.8.RELEASE/spring-boot-2.2.8.RELEASE.jar:/root/testjava/maven_repository/org/springframework/boot/spring-boot-autoconfigure/2.2.8.RELEASE/spring-boot-autoconfigure-2.2.8.RELEASE.jar:/root/testjava/maven_repository/org/projectlombok/lombok/1.18.12/lombok-1.18.12.jar:/root/testjava/maven_repository/org/springframework/boot/spring-boot-starter-test/2.2.8.RELEASE/spring-boot-starter-test-2.2.8.RELEASE.jar:/root/testjava/maven_repository/org/springframework/boot/spring-boot-test/2.2.8.RELEASE/spring-boot-test-2.2.8.RELEASE.jar:/root/testjava/maven_repository/org/springframework/boot/spring-boot-test-autoconfigure/2.2.8.RELEASE/spring-boot-test-autoconfigure-2.2.8.RELEASE.jar:/root/testjava/maven_repository/com/jayway/jsonpath/json-path/2.4.0/json-path-2.4.0.jar:/root/testjava/maven_repository/net/minidev/json-smart/2.3/json-smart-2.3.jar:/root/testjava/maven_repository/net/minidev/accessors-smart/1.2/accessors-smart-1.2.jar:/root/testjava/maven_repository/org/ow2/asm/asm/5.0.4/asm-5.0.4.jar:/root/testjava/maven_repository/jakarta/xml/bind/jakarta.xml.bind-api/2.3.3/jakarta.xml.bind-api-2.3.3.jar:/root/testjava/maven_repository/jakarta/activation/jakarta.activation-api/1.2.2/jakarta.activation-api-1.2.2.jar:/root/testjava/maven_repository/org/junit/jupiter/junit-jupiter/5.5.2/junit-jupiter-5.5.2.jar:/root/testjava/maven_repository/org/junit/jupiter/junit-jupiter-api/5.5.2/junit-jupiter-api-5.5.2.jar:/root/testjava/maven_repository/org/apiguardian/apiguardian-api/1.1.0/apiguardian-api-1.1.0.jar:/root/testjava/maven_repository/org/opentest4j/opentest4j/1.2.0/opentest4j-1.2.0.jar:/root/testjava/maven_repository/org/junit/platform/junit-platform-commons/1.5.2/junit-platform-commons-1.5.2.jar:/root/testjava/maven_repository/org/junit/jupiter/junit-jupiter-params/5.5.2/junit-jupiter-params-5.5.2.jar:/root/testjava/maven_repository/org/junit/jupiter/junit-jupiter-engine/5.5.2/junit-jupiter-engine-5.5.2.jar:/root/testjava/maven_repository/org/junit/platform/junit-platform-engine/1.5.2/junit-platform-engine-1.5.2.jar:/root/testjava/maven_repository/org/mockito/mockito-junit-jupiter/3.1.0/mockito-junit-jupiter-3.1.0.jar:/root/testjava/maven_repository/org/assertj/assertj-core/3.13.2/assertj-core-3.13.2.jar:/root/testjava/maven_repository/org/hamcrest/hamcrest/2.1/hamcrest-2.1.jar:/root/testjava/maven_repository/org/mockito/mockito-core/3.1.0/mockito-core-3.1.0.jar:/root/testjava/maven_repository/net/bytebuddy/byte-buddy/1.10.11/byte-buddy-1.10.11.jar:/root/testjava/maven_repository/net/bytebuddy/byte-buddy-agent/1.10.11/byte-buddy-agent-1.10.11.jar:/root/testjava/maven_repository/org/objenesis/objenesis/2.6/objenesis-2.6.jar:/root/testjava/maven_repository/org/skyscreamer/jsonassert/1.5.0/jsonassert-1.5.0.jar:/root/testjava/maven_repository/com/vaadin/external/google/android-json/0.0.20131108.vaadin1/android-json-0.0.20131108.vaadin1.jar:/root/testjava/maven_repository/org/springframework/spring-core/5.2.7.RELEASE/spring-core-5.2.7.RELEASE.jar:/root/testjava/maven_repository/org/springframework/spring-jcl/5.2.7.RELEASE/spring-jcl-5.2.7.RELEASE.jar:/root/testjava/maven_repository/org/springframework/spring-test/5.2.7.RELEASE/spring-test-5.2.7.RELEASE.jar:/root/testjava/maven_repository/org/xmlunit/xmlunit-core/2.6.4/xmlunit-core-2.6.4.jar:"/>
    <property name="java.vm.vendor" value="Oracle Corporation"/>
    <property name="sun.arch.data.model" value="64"/>
    <property name="java.vendor.url" value="http://java.oracle.com/"/>
    <property name="user.timezone" value=""/>
    <property name="java.vm.specification.version" value="1.8"/>
    <property name="os.name" value="Linux"/>
    <property name="user.country" value="US"/>
    <property name="sun.java.launcher" value="SUN_STANDARD"/>
    <property name="sun.boot.library.path" value="/root/testjava/jdk1.8.0_251/jre/lib/amd64"/>
    <property name="sun.java.command" value="/root/project/provider/target/surefire/surefirebooter278746273546079743.jar /root/project/provider/target/surefire 2020-08-15T21-59-58_343-jvmRun1 surefire3508043365403298240tmp surefire_06772491078838288473tmp"/>
    <property name="surefire.test.class.path" value="/root/project/provider/target/test-classes:/root/project/provider/target/classes:/root/testjava/maven_repository/io/micrometer/micrometer-registry-prometheus/1.3.9/micrometer-registry-prometheus-1.3.9.jar:/root/testjava/maven_repository/io/micrometer/micrometer-core/1.3.9/micrometer-core-1.3.9.jar:/root/testjava/maven_repository/org/hdrhistogram/HdrHistogram/2.1.11/HdrHistogram-2.1.11.jar:/root/testjava/maven_repository/org/latencyutils/LatencyUtils/2.0.3/LatencyUtils-2.0.3.jar:/root/testjava/maven_repository/io/prometheus/simpleclient_common/0.7.0/simpleclient_common-0.7.0.jar:/root/testjava/maven_repository/io/prometheus/simpleclient/0.7.0/simpleclient-0.7.0.jar:/root/testjava/maven_repository/org/springframework/boot/spring-boot-starter-actuator/2.2.8.RELEASE/spring-boot-starter-actuator-2.2.8.RELEASE.jar:/root/testjava/maven_repository/org/springframework/boot/spring-boot-starter/2.2.8.RELEASE/spring-boot-starter-2.2.8.RELEASE.jar:/root/testjava/maven_repository/org/springframework/boot/spring-boot-starter-logging/2.2.8.RELEASE/spring-boot-starter-logging-2.2.8.RELEASE.jar:/root/testjava/maven_repository/ch/qos/logback/logback-classic/1.2.3/logback-classic-1.2.3.jar:/root/testjava/maven_repository/ch/qos/logback/logback-core/1.2.3/logback-core-1.2.3.jar:/root/testjava/maven_repository/org/apache/logging/log4j/log4j-to-slf4j/2.12.1/log4j-to-slf4j-2.12.1.jar:/root/testjava/maven_repository/org/apache/logging/log4j/log4j-api/2.12.1/log4j-api-2.12.1.jar:/root/testjava/maven_repository/org/slf4j/jul-to-slf4j/1.7.30/jul-to-slf4j-1.7.30.jar:/root/testjava/maven_repository/jakarta/annotation/jakarta.annotation-api/1.3.5/jakarta.annotation-api-1.3.5.jar:/root/testjava/maven_repository/org/yaml/snakeyaml/1.25/snakeyaml-1.25.jar:/root/testjava/maven_repository/org/springframework/boot/spring-boot-actuator-autoconfigure/2.2.8.RELEASE/spring-boot-actuator-autoconfigure-2.2.8.RELEASE.jar:/root/testjava/maven_repository/org/springframework/boot/spring-boot-actuator/2.2.8.RELEASE/spring-boot-actuator-2.2.8.RELEASE.jar:/root/testjava/maven_repository/com/fasterxml/jackson/core/jackson-databind/2.10.4/jackson-databind-2.10.4.jar:/root/testjava/maven_repository/com/fasterxml/jackson/core/jackson-annotations/2.10.4/jackson-annotations-2.10.4.jar:/root/testjava/maven_repository/com/fasterxml/jackson/core/jackson-core/2.10.4/jackson-core-2.10.4.jar:/root/testjava/maven_repository/org/springframework/spring-context/5.2.7.RELEASE/spring-context-5.2.7.RELEASE.jar:/root/testjava/maven_repository/com/fasterxml/jackson/datatype/jackson-datatype-jsr310/2.10.4/jackson-datatype-jsr310-2.10.4.jar:/root/testjava/maven_repository/org/springframework/boot/spring-boot-starter-thymeleaf/2.2.8.RELEASE/spring-boot-starter-thymeleaf-2.2.8.RELEASE.jar:/root/testjava/maven_repository/org/thymeleaf/thymeleaf-spring5/3.0.11.RELEASE/thymeleaf-spring5-3.0.11.RELEASE.jar:/root/testjava/maven_repository/org/thymeleaf/thymeleaf/3.0.11.RELEASE/thymeleaf-3.0.11.RELEASE.jar:/root/testjava/maven_repository/org/attoparser/attoparser/2.0.5.RELEASE/attoparser-2.0.5.RELEASE.jar:/root/testjava/maven_repository/org/unbescape/unbescape/1.1.6.RELEASE/unbescape-1.1.6.RELEASE.jar:/root/testjava/maven_repository/org/slf4j/slf4j-api/1.7.30/slf4j-api-1.7.30.jar:/root/testjava/maven_repository/org/thymeleaf/extras/thymeleaf-extras-java8time/3.0.4.RELEASE/thymeleaf-extras-java8time-3.0.4.RELEASE.jar:/root/testjava/maven_repository/org/springframework/boot/spring-boot-starter-web/2.2.8.RELEASE/spring-boot-starter-web-2.2.8.RELEASE.jar:/root/testjava/maven_repository/org/springframework/boot/spring-boot-starter-json/2.2.8.RELEASE/spring-boot-starter-json-2.2.8.RELEASE.jar:/root/testjava/maven_repository/com/fasterxml/jackson/datatype/jackson-datatype-jdk8/2.10.4/jackson-datatype-jdk8-2.10.4.jar:/root/testjava/maven_repository/com/fasterxml/jackson/module/jackson-module-parameter-names/2.10.4/jackson-module-parameter-names-2.10.4.jar:/root/testjava/maven_repository/org/springframework/boot/spring-boot-starter-tomcat/2.2.8.RELEASE/spring-boot-starter-tomcat-2.2.8.RELEASE.jar:/root/testjava/maven_repository/org/apache/tomcat/embed/tomcat-embed-core/9.0.36/tomcat-embed-core-9.0.36.jar:/root/testjava/maven_repository/org/apache/tomcat/embed/tomcat-embed-el/9.0.36/tomcat-embed-el-9.0.36.jar:/root/testjava/maven_repository/org/apache/tomcat/embed/tomcat-embed-websocket/9.0.36/tomcat-embed-websocket-9.0.36.jar:/root/testjava/maven_repository/org/springframework/boot/spring-boot-starter-validation/2.2.8.RELEASE/spring-boot-starter-validation-2.2.8.RELEASE.jar:/root/testjava/maven_repository/jakarta/validation/jakarta.validation-api/2.0.2/jakarta.validation-api-2.0.2.jar:/root/testjava/maven_repository/org/hibernate/validator/hibernate-validator/6.0.20.Final/hibernate-validator-6.0.20.Final.jar:/root/testjava/maven_repository/org/jboss/logging/jboss-logging/3.4.1.Final/jboss-logging-3.4.1.Final.jar:/root/testjava/maven_repository/com/fasterxml/classmate/1.5.1/classmate-1.5.1.jar:/root/testjava/maven_repository/org/springframework/spring-web/5.2.7.RELEASE/spring-web-5.2.7.RELEASE.jar:/root/testjava/maven_repository/org/springframework/spring-beans/5.2.7.RELEASE/spring-beans-5.2.7.RELEASE.jar:/root/testjava/maven_repository/org/springframework/spring-webmvc/5.2.7.RELEASE/spring-webmvc-5.2.7.RELEASE.jar:/root/testjava/maven_repository/org/springframework/spring-aop/5.2.7.RELEASE/spring-aop-5.2.7.RELEASE.jar:/root/testjava/maven_repository/org/springframework/spring-expression/5.2.7.RELEASE/spring-expression-5.2.7.RELEASE.jar:/root/testjava/maven_repository/org/springframework/boot/spring-boot-devtools/2.2.8.RELEASE/spring-boot-devtools-2.2.8.RELEASE.jar:/root/testjava/maven_repository/org/springframework/boot/spring-boot/2.2.8.RELEASE/spring-boot-2.2.8.RELEASE.jar:/root/testjava/maven_repository/org/springframework/boot/spring-boot-autoconfigure/2.2.8.RELEASE/spring-boot-autoconfigure-2.2.8.RELEASE.jar:/root/testjava/maven_repository/org/projectlombok/lombok/1.18.12/lombok-1.18.12.jar:/root/testjava/maven_repository/org/springframework/boot/spring-boot-starter-test/2.2.8.RELEASE/spring-boot-starter-test-2.2.8.RELEASE.jar:/root/testjava/maven_repository/org/springframework/boot/spring-boot-test/2.2.8.RELEASE/spring-boot-test-2.2.8.RELEASE.jar:/root/testjava/maven_repository/org/springframework/boot/spring-boot-test-autoconfigure/2.2.8.RELEASE/spring-boot-test-autoconfigure-2.2.8.RELEASE.jar:/root/testjava/maven_repository/com/jayway/jsonpath/json-path/2.4.0/json-path-2.4.0.jar:/root/testjava/maven_repository/net/minidev/json-smart/2.3/json-smart-2.3.jar:/root/testjava/maven_repository/net/minidev/accessors-smart/1.2/accessors-smart-1.2.jar:/root/testjava/maven_repository/org/ow2/asm/asm/5.0.4/asm-5.0.4.jar:/root/testjava/maven_repository/jakarta/xml/bind/jakarta.xml.bind-api/2.3.3/jakarta.xml.bind-api-2.3.3.jar:/root/testjava/maven_repository/jakarta/activation/jakarta.activation-api/1.2.2/jakarta.activation-api-1.2.2.jar:/root/testjava/maven_repository/org/junit/jupiter/junit-jupiter/5.5.2/junit-jupiter-5.5.2.jar:/root/testjava/maven_repository/org/junit/jupiter/junit-jupiter-api/5.5.2/junit-jupiter-api-5.5.2.jar:/root/testjava/maven_repository/org/apiguardian/apiguardian-api/1.1.0/apiguardian-api-1.1.0.jar:/root/testjava/maven_repository/org/opentest4j/opentest4j/1.2.0/opentest4j-1.2.0.jar:/root/testjava/maven_repository/org/junit/platform/junit-platform-commons/1.5.2/junit-platform-commons-1.5.2.jar:/root/testjava/maven_repository/org/junit/jupiter/junit-jupiter-params/5.5.2/junit-jupiter-params-5.5.2.jar:/root/testjava/maven_repository/org/junit/jupiter/junit-jupiter-engine/5.5.2/junit-jupiter-engine-5.5.2.jar:/root/testjava/maven_repository/org/junit/platform/junit-platform-engine/1.5.2/junit-platform-engine-1.5.2.jar:/root/testjava/maven_repository/org/mockito/mockito-junit-jupiter/3.1.0/mockito-junit-jupiter-3.1.0.jar:/root/testjava/maven_repository/org/assertj/assertj-core/3.13.2/assertj-core-3.13.2.jar:/root/testjava/maven_repository/org/hamcrest/hamcrest/2.1/hamcrest-2.1.jar:/root/testjava/maven_repository/org/mockito/mockito-core/3.1.0/mockito-core-3.1.0.jar:/root/testjava/maven_repository/net/bytebuddy/byte-buddy/1.10.11/byte-buddy-1.10.11.jar:/root/testjava/maven_repository/net/bytebuddy/byte-buddy-agent/1.10.11/byte-buddy-agent-1.10.11.jar:/root/testjava/maven_repository/org/objenesis/objenesis/2.6/objenesis-2.6.jar:/root/testjava/maven_repository/org/skyscreamer/jsonassert/1.5.0/jsonassert-1.5.0.jar:/root/testjava/maven_repository/com/vaadin/external/google/android-json/0.0.20131108.vaadin1/android-json-0.0.20131108.vaadin1.jar:/root/testjava/maven_repository/org/springframework/spring-core/5.2.7.RELEASE/spring-core-5.2.7.RELEASE.jar:/root/testjava/maven_repository/org/springframework/spring-jcl/5.2.7.RELEASE/spring-jcl-5.2.7.RELEASE.jar:/root/testjava/maven_repository/org/springframework/spring-test/5.2.7.RELEASE/spring-test-5.2.7.RELEASE.jar:/root/testjava/maven_repository/org/xmlunit/xmlunit-core/2.6.4/xmlunit-core-2.6.4.jar:"/>
    <property name="sun.cpu.endian" value="little"/>
    <property name="user.home" value="/root"/>
    <property name="user.language" value="en"/>
    <property name="java.specification.vendor" value="Oracle Corporation"/>
    <property name="java.home" value="/root/testjava/jdk1.8.0_251/jre"/>
    <property name="basedir" value="/root/project/provider"/>
    <property name="file.separator" value="/"/>
    <property name="line.separator" value="&#10;"/>
    <property name="java.vm.specification.vendor" value="Oracle Corporation"/>
    <property name="java.specification.name" value="Java Platform API Specification"/>
    <property name="java.awt.graphicsenv" value="sun.awt.X11GraphicsEnvironment"/>
    <property name="surefire.real.class.path" value="/root/project/provider/target/surefire/surefirebooter278746273546079743.jar"/>
    <property name="sun.boot.class.path" value="/root/testjava/jdk1.8.0_251/jre/lib/resources.jar:/root/testjava/jdk1.8.0_251/jre/lib/rt.jar:/root/testjava/jdk1.8.0_251/jre/lib/sunrsasign.jar:/root/testjava/jdk1.8.0_251/jre/lib/jsse.jar:/root/testjava/jdk1.8.0_251/jre/lib/jce.jar:/root/testjava/jdk1.8.0_251/jre/lib/charsets.jar:/root/testjava/jdk1.8.0_251/jre/lib/jfr.jar:/root/testjava/jdk1.8.0_251/jre/classes"/>
    <property name="sun.management.compiler" value="HotSpot 64-Bit Tiered Compilers"/>
    <property name="java.runtime.version" value="1.8.0_251-b08"/>
    <property name="user.name" value="root"/>
    <property name="path.separator" value=":"/>
    <property name="os.version" value="3.10.0-862.el7.x86_64"/>
    <property name="java.endorsed.dirs" value="/root/testjava/jdk1.8.0_251/jre/lib/endorsed"/>
    <property name="java.runtime.name" value="Java(TM) SE Runtime Environment"/>
    <property name="file.encoding" value="UTF-8"/>
    <property name="java.vm.name" value="Java HotSpot(TM) 64-Bit Server VM"/>
    <property name="localRepository" value="/root/testjava/maven_repository"/>
    <property name="java.vendor.url.bug" value="http://bugreport.sun.com/bugreport/"/>
    <property name="java.io.tmpdir" value="/tmp"/>
    <property name="java.version" value="1.8.0_251"/>
    <property name="user.dir" value="/root/project/provider"/>
    <property name="os.arch" value="amd64"/>
    <property name="java.vm.specification.name" value="Java Virtual Machine Specification"/>
    <property name="java.awt.printerjob" value="sun.print.PSPrinterJob"/>
    <property name="sun.os.patch.level" value="unknown"/>
    <property name="java.library.path" value="/usr/java/packages/lib/amd64:/usr/lib64:/lib64:/lib:/usr/lib"/>
    <property name="java.vm.info" value="mixed mode"/>
    <property name="java.vendor" value="Oracle Corporation"/>
    <property name="java.vm.version" value="25.251-b08"/>
    <property name="java.ext.dirs" value="/root/testjava/jdk1.8.0_251/jre/lib/ext:/usr/java/packages/lib/ext"/>
    <property name="sun.io.unicode.encoding" value="UnicodeLittle"/>
    <property name="java.class.version" value="52.0"/>
  </properties>
  <testcase name="contextLoads" classname="com.teng.provider.DemoApplicationTests" time="0.544"/>
</testsuite>